[ 2015-04-28T18:10:09+08:00 ] 159.226.182.158 /will/index.php
INFO: [ app_begin ] --START--
INFO: ReadHtmlCache Behavior ::run [ RunTime:0.011020s ]
INFO: [ app_begin ] --END-- [ RunTime:0.011137s ]
SQL: SHOW COLUMNS FROM `hd_wish` [ RunTime:0.002279s ]
SQL: SELECT * FROM `hd_wish`  [ RunTime:0.000504s ]
INFO: [ view_parse ] --START--
INFO: ParseTemplate Behavior ::run [ RunTime:0.034650s ]
INFO: [ view_parse ] --END-- [ RunTime:0.034800s ]
INFO: [ view_filter ] --START--
INFO: ContentReplace Behavior ::run [ RunTime:0.011554s ]
INFO: TokenBuild Behavior ::run [ RunTime:0.007619s ]
INFO: WriteHtmlCache Behavior ::run [ RunTime:0.002472s ]
INFO: ShowRuntime Behavior ::run [ RunTime:0.009743s ]
INFO: [ view_filter ] --END-- [ RunTime:0.031758s ]
INFO: [ view_end ] --START--
INFO: ShowPageTrace Behavior ::run [ RunTime:0.002304s ]
INFO: [ view_end ] --END-- [ RunTime:0.002407s ]

[ 2015-04-28T18:10:51+08:00 ] 159.226.182.158 /will/index.php
INFO: [ app_begin ] --START--
INFO: ReadHtmlCache Behavior ::run [ RunTime:0.001730s ]
INFO: [ app_begin ] --END-- [ RunTime:0.001847s ]
SQL: SHOW COLUMNS FROM `hd_wish` [ RunTime:0.002330s ]
SQL: SELECT * FROM `hd_wish`  [ RunTime:0.000374s ]
INFO: [ view_parse ] --START--
INFO: ParseTemplate Behavior ::run [ RunTime:0.020692s ]
INFO: [ view_parse ] --END-- [ RunTime:0.020806s ]
INFO: [ view_filter ] --START--
INFO: ContentReplace Behavior ::run [ RunTime:0.001434s ]
INFO: TokenBuild Behavior ::run [ RunTime:0.001495s ]
INFO: WriteHtmlCache Behavior ::run [ RunTime:0.001231s ]
INFO: ShowRuntime Behavior ::run [ RunTime:0.001536s ]
INFO: [ view_filter ] --END-- [ RunTime:0.005949s ]
INFO: [ view_end ] --START--
INFO: ShowPageTrace Behavior ::run [ RunTime:0.001851s ]
INFO: [ view_end ] --END-- [ RunTime:0.001957s ]

[ 2015-04-28T18:13:36+08:00 ] 159.226.182.158 /will/index.php
INFO: [ app_begin ] --START--
INFO: ReadHtmlCache Behavior ::run [ RunTime:0.002026s ]
INFO: [ app_begin ] --END-- [ RunTime:0.002161s ]
SQL: SHOW COLUMNS FROM `hd_wish` [ RunTime:0.018818s ]
SQL: SELECT * FROM `hd_wish`  [ RunTime:0.000197s ]
INFO: [ view_parse ] --START--
INFO: ParseTemplate Behavior ::run [ RunTime:0.020843s ]
INFO: [ view_parse ] --END-- [ RunTime:0.020959s ]
INFO: [ view_filter ] --START--
INFO: ContentReplace Behavior ::run [ RunTime:0.001818s ]
INFO: TokenBuild Behavior ::run [ RunTime:0.001442s ]
INFO: WriteHtmlCache Behavior ::run [ RunTime:0.001282s ]
INFO: ShowRuntime Behavior ::run [ RunTime:0.001689s ]
INFO: [ view_filter ] --END-- [ RunTime:0.006491s ]
INFO: [ view_end ] --START--
INFO: ShowPageTrace Behavior ::run [ RunTime:0.001926s ]
INFO: [ view_end ] --END-- [ RunTime:0.002023s ]

